NotepadPlusPlus_Enhanced_v2.1.0/app/build/intermediates/manifest_merge_blame_file/release/manifest-merger-blame-release-report.txt
1<?xml version="1.0" encoding="utf-8"?>
2<manifest xmlns:android="http://schemas.android.com/apk/res/android"
3    package="com.smartnotes.notepadplusplus"
4    android:versionCode="2"
5    android:versionName="2.0.0" >
6
7    <uses-sdk
8        android:minSdkVersion="24"
9        android:targetSdkVersion="35" />
10
11    <uses-permission android:name="android.permission.INTERNET" />
11-->src/main/AndroidManifest.xml:5:5-67
11-->src/main/AndroidManifest.xml:5:22-64
12    <uses-permission android:name="android.permission.ACCESS_NETWORK_STATE" />
12-->src/main/AndroidManifest.xml:6:5-79
12-->src/main/AndroidManifest.xml:6:22-76
13    <uses-permission android:name="android.permission.USE_BIOMETRIC" />
13-->src/main/AndroidManifest.xml:7:5-72
13-->src/main/AndroidManifest.xml:7:22-69
14    <uses-permission android:name="android.permission.USE_FINGERPRINT" />
14-->src/main/AndroidManifest.xml:8:5-74
14-->src/main/AndroidManifest.xml:8:22-71
15    <uses-permission android:name="android.permission.SCHEDULE_EXACT_ALARM" />
15-->src/main/AndroidManifest.xml:9:5-79
15-->src/main/AndroidManifest.xml:9:22-76
16    <uses-permission android:name="android.permission.POST_NOTIFICATIONS" />
16-->src/main/AndroidManifest.xml:10:5-77
16-->src/main/AndroidManifest.xml:10:22-74
17    <uses-permission android:name="android.permission.RECEIVE_BOOT_COMPLETED" />
17-->src/main/AndroidManifest.xml:11:5-81
17-->src/main/AndroidManifest.xml:11:22-78
18    <uses-permission android:name="android.permission.VIBRATE" />
18-->src/main/AndroidManifest.xml:12:5-66
18-->src/main/AndroidManifest.xml:12:22-63
19    <uses-permission
19-->src/main/AndroidManifest.xml:13:5-14:38
20        android:name="android.permission.READ_EXTERNAL_STORAGE"
20-->src/main/AndroidManifest.xml:13:22-77
21        android:maxSdkVersion="32" />
21-->src/main/AndroidManifest.xml:14:9-35
22    <uses-permission
22-->src/main/AndroidManifest.xml:15:5-16:38
23        android:name="android.permission.WRITE_EXTERNAL_STORAGE"
23-->src/main/AndroidManifest.xml:15:22-78
24        android:maxSdkVersion="29" />
24-->src/main/AndroidManifest.xml:16:9-35
25    <uses-permission android:name="com.google.android.gms.permission.AD_ID" />
25-->[com.google.android.gms:play-services-ads-lite:22.6.0] AndroidManifest.xml:26:5-79
25-->[com.google.android.gms:play-services-ads-lite:22.6.0] AndroidManifest.xml:26:22-76
26    <uses-permission android:name="android.permission.ACCESS_ADSERVICES_AD_ID" />
26-->[com.google.android.gms:play-services-ads-lite:22.6.0] AndroidManifest.xml:27:5-82
26-->[com.google.android.gms:play-services-ads-lite:22.6.0] AndroidManifest.xml:27:22-79
27    <uses-permission android:name="android.permission.ACCESS_ADSERVICES_ATTRIBUTION" />
27-->[com.google.android.gms:play-services-ads-lite:22.6.0] AndroidManifest.xml:28:5-88
27-->[com.google.android.gms:play-services-ads-lite:22.6.0] AndroidManifest.xml:28:22-85
28    <uses-permission android:name="android.permission.ACCESS_ADSERVICES_TOPICS" /> <!-- Android package visibility setting -->
28-->[com.google.android.gms:play-services-ads-lite:22.6.0] AndroidManifest.xml:29:5-83
28-->[com.google.android.gms:play-services-ads-lite:22.6.0] AndroidManifest.xml:29:22-80
29    <queries>
29-->[com.google.android.gms:play-services-ads-lite:22.6.0] AndroidManifest.xml:35:5-51:15
30
31        <!-- For browser content -->
32        <intent>
32-->[com.google.android.gms:play-services-ads-lite:22.6.0] AndroidManifest.xml:38:9-44:18
33            <action android:name="android.intent.action.VIEW" />
33-->[com.google.android.gms:play-services-ads-lite:22.6.0] AndroidManifest.xml:39:13-65
33-->[com.google.android.gms:play-services-ads-lite:22.6.0] AndroidManifest.xml:39:21-62
34
35            <category android:name="android.intent.category.BROWSABLE" />
35-->[com.google.android.gms:play-services-ads-lite:22.6.0] AndroidManifest.xml:41:13-74
35-->[com.google.android.gms:play-services-ads-lite:22.6.0] AndroidManifest.xml:41:23-71
36
37            <data android:scheme="https" />
37-->[com.google.android.gms:play-services-ads-lite:22.6.0] AndroidManifest.xml:43:13-44
37-->[com.google.android.gms:play-services-ads-lite:22.6.0] AndroidManifest.xml:43:19-41
38        </intent>
39        <!-- End of browser content -->
40        <!-- For CustomTabsService -->
41        <intent>
41-->[com.google.android.gms:play-services-ads-lite:22.6.0] AndroidManifest.xml:47:9-49:18
42            <action android:name="android.support.customtabs.action.CustomTabsService" />
42-->[com.google.android.gms:play-services-ads-lite:22.6.0] AndroidManifest.xml:48:13-90
42-->[com.google.android.gms:play-services-ads-lite:22.6.0] AndroidManifest.xml:48:21-87
43        </intent>
44        <!-- End of CustomTabsService -->
45    </queries>
46
47    <uses-permission android:name="android.permission.WAKE_LOCK" />
47-->[com.google.android.gms:play-services-measurement-sdk-api:20.1.2] AndroidManifest.xml:25:5-68
47-->[com.google.android.gms:play-services-measurement-sdk-api:20.1.2] AndroidManifest.xml:25:22-65
48    <uses-permission android:name="android.permission.FOREGROUND_SERVICE" />
48-->[androidx.work:work-runtime:2.9.0] AndroidManifest.xml:26:5-77
48-->[androidx.work:work-runtime:2.9.0] AndroidManifest.xml:26:22-74
49
50    <permission
50-->[androidx.core:core:1.12.0] AndroidManifest.xml:22:5-24:47
51        android:name="com.smartnotes.notepadplusplus.DYNAMIC_RECEIVER_NOT_EXPORTED_PERMISSION"
51-->[androidx.core:core:1.12.0] AndroidManifest.xml:23:9-81
52        android:protectionLevel="signature" />
52-->[androidx.core:core:1.12.0] AndroidManifest.xml:24:9-44
53
54    <uses-permission android:name="com.smartnotes.notepadplusplus.DYNAMIC_RECEIVER_NOT_EXPORTED_PERMISSION" />
54-->[androidx.core:core:1.12.0] AndroidManifest.xml:26:5-97
54-->[androidx.core:core:1.12.0] AndroidManifest.xml:26:22-94
55
56    <application
56-->src/main/AndroidManifest.xml:18:5-85:19
57        android:name="com.smartnotes.notepadplusplus.NoteApplication"
57-->src/main/AndroidManifest.xml:19:9-40
58        android:allowBackup="false"
58-->src/main/AndroidManifest.xml:20:9-36
59        android:appComponentFactory="androidx.core.app.CoreComponentFactory"
59-->[androidx.core:core:1.12.0] AndroidManifest.xml:28:18-86
60        android:dataExtractionRules="@xml/data_extraction_rules"
60-->src/main/AndroidManifest.xml:21:9-65
61        android:extractNativeLibs="false"
62        android:fullBackupContent="@xml/backup_rules"
62-->src/main/AndroidManifest.xml:22:9-54
63        android:icon="@mipmap/ic_launcher"
63-->src/main/AndroidManifest.xml:23:9-43
64        android:label="@string/app_name"
64-->src/main/AndroidManifest.xml:25:9-41
65        android:roundIcon="@mipmap/ic_launcher_round"
65-->src/main/AndroidManifest.xml:24:9-54
66        android:supportsRtl="true"
66-->src/main/AndroidManifest.xml:26:9-35
67        android:theme="@style/Theme.NotepadPlusPlus" >
67-->src/main/AndroidManifest.xml:27:9-53
68
69        <!-- AdMob App ID -->
70        <meta-data
70-->src/main/AndroidManifest.xml:31:9-33:69
71            android:name="com.google.android.gms.ads.APPLICATION_ID"
71-->src/main/AndroidManifest.xml:32:13-69
72            android:value="ca-app-pub-1607968585289432~5123982781" />
72-->src/main/AndroidManifest.xml:33:13-67
73
74        <!-- Preloaded fonts meta-data -->
75        <meta-data
75-->src/main/AndroidManifest.xml:36:9-38:57
76            android:name="preloaded_fonts"
76-->src/main/AndroidManifest.xml:37:13-43
77            android:resource="@array/preloaded_fonts" />
77-->src/main/AndroidManifest.xml:38:13-54
78
79        <activity
79-->src/main/AndroidManifest.xml:40:9-48:20
80            android:name="com.smartnotes.notepadplusplus.ui.splash.SplashActivity"
80-->src/main/AndroidManifest.xml:40:19-59
81            android:exported="true"
81-->src/main/AndroidManifest.xml:41:13-36
82            android:screenOrientation="portrait"
82-->src/main/AndroidManifest.xml:43:13-49
83            android:theme="@style/Theme.NotepadPlusPlus.Splash" >
83-->src/main/AndroidManifest.xml:42:13-64
84            <intent-filter>
84-->src/main/AndroidManifest.xml:44:13-47:29
85                <action android:name="android.intent.action.MAIN" />
85-->src/main/AndroidManifest.xml:45:17-69
85-->src/main/AndroidManifest.xml:45:25-66
86
87                <category android:name="android.intent.category.LAUNCHER" />
87-->src/main/AndroidManifest.xml:46:17-77
87-->src/main/AndroidManifest.xml:46:27-74
88            </intent-filter>
89        </activity>
90        <activity
90-->src/main/AndroidManifest.xml:50:9-51:58
91            android:name="com.smartnotes.notepadplusplus.ui.noteslist.NotesListActivity"
91-->src/main/AndroidManifest.xml:50:19-65
92            android:exported="false"
92-->src/main/AndroidManifest.xml:50:66-90
93            android:windowSoftInputMode="adjustResize" />
93-->src/main/AndroidManifest.xml:51:13-55
94        <activity
94-->src/main/AndroidManifest.xml:53:9-54:58
95            android:name="com.smartnotes.notepadplusplus.ui.addedit.AddEditNoteActivity"
95-->src/main/AndroidManifest.xml:53:19-65
96            android:exported="false"
96-->src/main/AndroidManifest.xml:53:66-90
97            android:windowSoftInputMode="adjustResize" />
97-->src/main/AndroidManifest.xml:54:13-55
98        <activity
98-->src/main/AndroidManifest.xml:56:9-91
99            android:name="com.smartnotes.notepadplusplus.ui.detail.NoteDetailActivity"
99-->src/main/AndroidManifest.xml:56:19-63
100            android:exported="false" />
100-->src/main/AndroidManifest.xml:56:64-88
101        <activity
101-->src/main/AndroidManifest.xml:58:9-91
102            android:name="com.smartnotes.notepadplusplus.ui.settings.SettingsActivity"
102-->src/main/AndroidManifest.xml:58:19-63
103            android:exported="false" />
103-->src/main/AndroidManifest.xml:58:64-88
104        <activity
104-->src/main/AndroidManifest.xml:60:9-94
105            android:name="com.smartnotes.notepadplusplus.ui.backup.BackupRestoreActivity"
105-->src/main/AndroidManifest.xml:60:19-66
106            android:exported="false" />
106-->src/main/AndroidManifest.xml:60:67-91
107        <activity
107-->src/main/AndroidManifest.xml:62:9-95
108            android:name="com.smartnotes.notepadplusplus.ui.privacy.PrivacyPolicyActivity"
108-->src/main/AndroidManifest.xml:62:19-67
109            android:exported="false" />
109-->src/main/AndroidManifest.xml:62:68-92
110        <activity
110-->src/main/AndroidManifest.xml:63:9-87
111            android:name="com.smartnotes.notepadplusplus.ui.privacy.TermsActivity"
111-->src/main/AndroidManifest.xml:63:19-59
112            android:exported="false" />
112-->src/main/AndroidManifest.xml:63:60-84
113
114        <!-- Notification channel and receiver for reminders -->
115        <receiver
115-->src/main/AndroidManifest.xml:66:9-67:40
116            android:name="com.smartnotes.notepadplusplus.receivers.ReminderReceiver"
116-->src/main/AndroidManifest.xml:66:19-61
117            android:exported="false" />
117-->src/main/AndroidManifest.xml:67:13-37
118        <receiver
118-->src/main/AndroidManifest.xml:69:9-74:20
119            android:name="com.smartnotes.notepadplusplus.receivers.BootReceiver"
119-->src/main/AndroidManifest.xml:69:19-57
120            android:exported="true" >
120-->src/main/AndroidManifest.xml:70:13-36
121            <intent-filter>
121-->src/main/AndroidManifest.xml:71:13-73:29
122                <action android:name="android.intent.action.BOOT_COMPLETED" />
122-->src/main/AndroidManifest.xml:72:17-79
122-->src/main/AndroidManifest.xml:72:25-76
123            </intent-filter>
124        </receiver>
125
126        <provider
127            android:name="androidx.core.content.FileProvider"
127-->src/main/AndroidManifest.xml:77:13-62
128            android:authorities="com.smartnotes.notepadplusplus.fileprovider"
128-->src/main/AndroidManifest.xml:78:13-64
129            android:exported="false"
129-->src/main/AndroidManifest.xml:79:13-37
130            android:grantUriPermissions="true" >
130-->src/main/AndroidManifest.xml:80:13-47
131            <meta-data
131-->src/main/AndroidManifest.xml:81:13-83:63
132                android:name="android.support.FILE_PROVIDER_PATHS"
132-->src/main/AndroidManifest.xml:82:17-67
133                android:resource="@xml/file_provider_paths" />
133-->src/main/AndroidManifest.xml:83:17-60
134        </provider>
135        <!-- Include the AdActivity and InAppPurchaseActivity configChanges and themes. -->
136        <activity
136-->[com.google.android.gms:play-services-ads-lite:22.6.0] AndroidManifest.xml:56:9-61:43
137            android:name="com.google.android.gms.ads.AdActivity"
137-->[com.google.android.gms:play-services-ads-lite:22.6.0] AndroidManifest.xml:57:13-65
138            android:configChanges="keyboard|keyboardHidden|orientation|screenLayout|uiMode|screenSize|smallestScreenSize"
138-->[com.google.android.gms:play-services-ads-lite:22.6.0] AndroidManifest.xml:58:13-122
139            android:exported="false"
139-->[com.google.android.gms:play-services-ads-lite:22.6.0] AndroidManifest.xml:59:13-37
140            android:theme="@android:style/Theme.Translucent" />
140-->[com.google.android.gms:play-services-ads-lite:22.6.0] AndroidManifest.xml:60:13-61
141
142        <provider
142-->[com.google.android.gms:play-services-ads-lite:22.6.0] AndroidManifest.xml:63:9-68:43
143            android:name="com.google.android.gms.ads.MobileAdsInitProvider"
143-->[com.google.android.gms:play-services-ads-lite:22.6.0] AndroidManifest.xml:64:13-76
144            android:authorities="com.smartnotes.notepadplusplus.mobileadsinitprovider"
144-->[com.google.android.gms:play-services-ads-lite:22.6.0] AndroidManifest.xml:65:13-73
145            android:exported="false"
145-->[com.google.android.gms:play-services-ads-lite:22.6.0] AndroidManifest.xml:66:13-37
146            android:initOrder="100" />
146-->[com.google.android.gms:play-services-ads-lite:22.6.0] AndroidManifest.xml:67:13-36
147
148        <service
148-->[com.google.android.gms:play-services-ads-lite:22.6.0] AndroidManifest.xml:70:9-74:43
149            android:name="com.google.android.gms.ads.AdService"
149-->[com.google.android.gms:play-services-ads-lite:22.6.0] AndroidManifest.xml:71:13-64
150            android:enabled="true"
150-->[com.google.android.gms:play-services-ads-lite:22.6.0] AndroidManifest.xml:72:13-35
151            android:exported="false" />
151-->[com.google.android.gms:play-services-ads-lite:22.6.0] AndroidManifest.xml:73:13-37
152
153        <activity
153-->[com.google.android.gms:play-services-ads-lite:22.6.0] AndroidManifest.xml:76:9-80:43
154            android:name="com.google.android.gms.ads.OutOfContextTestingActivity"
154-->[com.google.android.gms:play-services-ads-lite:22.6.0] AndroidManifest.xml:77:13-82
155            android:configChanges="keyboard|keyboardHidden|orientation|screenLayout|uiMode|screenSize|smallestScreenSize"
155-->[com.google.android.gms:play-services-ads-lite:22.6.0] AndroidManifest.xml:78:13-122
156            android:exported="false" />
156-->[com.google.android.gms:play-services-ads-lite:22.6.0] AndroidManifest.xml:79:13-37
157        <activity
157-->[com.google.android.gms:play-services-ads-lite:22.6.0] AndroidManifest.xml:81:9-88:43
158            android:name="com.google.android.gms.ads.NotificationHandlerActivity"
158-->[com.google.android.gms:play-services-ads-lite:22.6.0] AndroidManifest.xml:82:13-82
159            android:excludeFromRecents="true"
159-->[com.google.android.gms:play-services-ads-lite:22.6.0] AndroidManifest.xml:83:13-46
160            android:exported="false"
160-->[com.google.android.gms:play-services-ads-lite:22.6.0] AndroidManifest.xml:84:13-37
161            android:launchMode="singleTask"
161-->[com.google.android.gms:play-services-ads-lite:22.6.0] AndroidManifest.xml:85:13-44
162            android:taskAffinity=""
162-->[com.google.android.gms:play-services-ads-lite:22.6.0] AndroidManifest.xml:86:13-36
163            android:theme="@android:style/Theme.Translucent.NoTitleBar" />
163-->[com.google.android.gms:play-services-ads-lite:22.6.0] AndroidManifest.xml:87:13-72
164
165        <property
165-->[com.google.android.gms:play-services-ads-lite:22.6.0] AndroidManifest.xml:90:9-92:62
166            android:name="android.adservices.AD_SERVICES_CONFIG"
166-->[com.google.android.gms:play-services-ads-lite:22.6.0] AndroidManifest.xml:91:13-65
167            android:resource="@xml/gma_ad_services_config" />
167-->[com.google.android.gms:play-services-ads-lite:22.6.0] AndroidManifest.xml:92:13-59
168
169        <activity
169-->[com.google.android.gms:play-services-base:18.0.0] AndroidManifest.xml:20:9-22:45
170            android:name="com.google.android.gms.common.api.GoogleApiActivity"
170-->[com.google.android.gms:play-services-base:18.0.0] AndroidManifest.xml:20:19-85
171            android:exported="false"
171-->[com.google.android.gms:play-services-base:18.0.0] AndroidManifest.xml:22:19-43
172            android:theme="@android:style/Theme.Translucent.NoTitleBar" />
172-->[com.google.android.gms:play-services-base:18.0.0] AndroidManifest.xml:21:19-78
173
174        <meta-data
174-->[com.google.android.gms:play-services-basement:18.2.0] AndroidManifest.xml:21:9-23:69
175            android:name="com.google.android.gms.version"
175-->[com.google.android.gms:play-services-basement:18.2.0] AndroidManifest.xml:22:13-58
176            android:value="@integer/google_play_services_version" />
176-->[com.google.android.gms:play-services-basement:18.2.0] AndroidManifest.xml:23:13-66
177
178        <provider
178-->[androidx.emoji2:emoji2:1.2.0] AndroidManifest.xml:24:9-32:20
179            android:name="androidx.startup.InitializationProvider"
179-->[androidx.emoji2:emoji2:1.2.0] AndroidManifest.xml:25:13-67
180            android:authorities="com.smartnotes.notepadplusplus.androidx-startup"
180-->[androidx.emoji2:emoji2:1.2.0] AndroidManifest.xml:26:13-68
181            android:exported="false" >
181-->[androidx.emoji2:emoji2:1.2.0] AndroidManifest.xml:27:13-37
182            <meta-data
182-->[androidx.emoji2:emoji2:1.2.0] AndroidManifest.xml:29:13-31:52
183                android:name="androidx.emoji2.text.EmojiCompatInitializer"
183-->[androidx.emoji2:emoji2:1.2.0] AndroidManifest.xml:30:17-75
184                android:value="androidx.startup" />
184-->[androidx.emoji2:emoji2:1.2.0] AndroidManifest.xml:31:17-49
185            <meta-data
185-->[androidx.work:work-runtime:2.9.0] AndroidManifest.xml:34:13-36:52
186                android:name="androidx.work.WorkManagerInitializer"
186-->[androidx.work:work-runtime:2.9.0] AndroidManifest.xml:35:17-68
187                android:value="androidx.startup" />
187-->[androidx.work:work-runtime:2.9.0] AndroidManifest.xml:36:17-49
188            <meta-data
188-->[androidx.lifecycle:lifecycle-process:2.7.0] AndroidManifest.xml:29:13-31:52
189                android:name="androidx.lifecycle.ProcessLifecycleInitializer"
189-->[androidx.lifecycle:lifecycle-process:2.7.0] AndroidManifest.xml:30:17-78
190                android:value="androidx.startup" />
190-->[androidx.lifecycle:lifecycle-process:2.7.0] AndroidManifest.xml:31:17-49
191            <meta-data
191-->[androidx.profileinstaller:profileinstaller:1.3.0] AndroidManifest.xml:29:13-31:52
192                android:name="androidx.profileinstaller.ProfileInstallerInitializer"
192-->[androidx.profileinstaller:profileinstaller:1.3.0] AndroidManifest.xml:30:17-85
193                android:value="androidx.startup" />
193-->[androidx.profileinstaller:profileinstaller:1.3.0] AndroidManifest.xml:31:17-49
194        </provider>
195
196        <service
196-->[androidx.work:work-runtime:2.9.0] AndroidManifest.xml:39:9-45:35
197            android:name="androidx.work.impl.background.systemalarm.SystemAlarmService"
197-->[androidx.work:work-runtime:2.9.0] AndroidManifest.xml:40:13-88
198            android:directBootAware="false"
198-->[androidx.work:work-runtime:2.9.0] AndroidManifest.xml:41:13-44
199            android:enabled="@bool/enable_system_alarm_service_default"
199-->[androidx.work:work-runtime:2.9.0] AndroidManifest.xml:42:13-72
200            android:exported="false" />
200-->[androidx.work:work-runtime:2.9.0] AndroidManifest.xml:43:13-37
201        <service
201-->[androidx.work:work-runtime:2.9.0] AndroidManifest.xml:46:9-52:35
202            android:name="androidx.work.impl.background.systemjob.SystemJobService"
202-->[androidx.work:work-runtime:2.9.0] AndroidManifest.xml:47:13-84
203            android:directBootAware="false"
203-->[androidx.work:work-runtime:2.9.0] AndroidManifest.xml:48:13-44
204            android:enabled="@bool/enable_system_job_service_default"
204-->[androidx.work:work-runtime:2.9.0] AndroidManifest.xml:49:13-70
205            android:exported="true"
205-->[androidx.work:work-runtime:2.9.0] AndroidManifest.xml:50:13-36
206            android:permission="android.permission.BIND_JOB_SERVICE" />
206-->[androidx.work:work-runtime:2.9.0] AndroidManifest.xml:51:13-69
207        <service
207-->[androidx.work:work-runtime:2.9.0] AndroidManifest.xml:53:9-59:35
208            android:name="androidx.work.impl.foreground.SystemForegroundService"
208-->[androidx.work:work-runtime:2.9.0] AndroidManifest.xml:54:13-81
209            android:directBootAware="false"
209-->[androidx.work:work-runtime:2.9.0] AndroidManifest.xml:55:13-44
210            android:enabled="@bool/enable_system_foreground_service_default"
210-->[androidx.work:work-runtime:2.9.0] AndroidManifest.xml:56:13-77
211            android:exported="false" />
211-->[androidx.work:work-runtime:2.9.0] AndroidManifest.xml:57:13-37
212
213        <receiver
213-->[androidx.work:work-runtime:2.9.0] AndroidManifest.xml:61:9-66:35
214            android:name="androidx.work.impl.utils.ForceStopRunnable$BroadcastReceiver"
214-->[androidx.work:work-runtime:2.9.0] AndroidManifest.xml:62:13-88
215            android:directBootAware="false"
215-->[androidx.work:work-runtime:2.9.0] AndroidManifest.xml:63:13-44
216            android:enabled="true"
216-->[androidx.work:work-runtime:2.9.0] AndroidManifest.xml:64:13-35
217            android:exported="false" />
217-->[androidx.work:work-runtime:2.9.0] AndroidManifest.xml:65:13-37
218        <receiver
218-->[androidx.work:work-runtime:2.9.0] AndroidManifest.xml:67:9-77:20
219            android:name="androidx.work.impl.background.systemalarm.ConstraintProxy$BatteryChargingProxy"
219-->[androidx.work:work-runtime:2.9.0] AndroidManifest.xml:68:13-106
220            android:directBootAware="false"
220-->[androidx.work:work-runtime:2.9.0] AndroidManifest.xml:69:13-44
221            android:enabled="false"
221-->[androidx.work:work-runtime:2.9.0] AndroidManifest.xml:70:13-36
222            android:exported="false" >
222-->[androidx.work:work-runtime:2.9.0] AndroidManifest.xml:71:13-37
223            <intent-filter>
223-->[androidx.work:work-runtime:2.9.0] AndroidManifest.xml:73:13-76:29
224                <action android:name="android.intent.action.ACTION_POWER_CONNECTED" />
224-->[androidx.work:work-runtime:2.9.0] AndroidManifest.xml:74:17-87
224-->[androidx.work:work-runtime:2.9.0] AndroidManifest.xml:74:25-84
225                <action android:name="android.intent.action.ACTION_POWER_DISCONNECTED" />
225-->[androidx.work:work-runtime:2.9.0] AndroidManifest.xml:75:17-90
225-->[androidx.work:work-runtime:2.9.0] AndroidManifest.xml:75:25-87
226            </intent-filter>
227        </receiver>
228        <receiver
228-->[androidx.work:work-runtime:2.9.0] AndroidManifest.xml:78:9-88:20
229            android:name="androidx.work.impl.background.systemalarm.ConstraintProxy$BatteryNotLowProxy"
229-->[androidx.work:work-runtime:2.9.0] AndroidManifest.xml:79:13-104
230            android:directBootAware="false"
230-->[androidx.work:work-runtime:2.9.0] AndroidManifest.xml:80:13-44
231            android:enabled="false"
231-->[androidx.work:work-runtime:2.9.0] AndroidManifest.xml:81:13-36
232            android:exported="false" >
232-->[androidx.work:work-runtime:2.9.0] AndroidManifest.xml:82:13-37
233            <intent-filter>
233-->[androidx.work:work-runtime:2.9.0] AndroidManifest.xml:84:13-87:29
234                <action android:name="android.intent.action.BATTERY_OKAY" />
234-->[androidx.work:work-runtime:2.9.0] AndroidManifest.xml:85:17-77
234-->[androidx.work:work-runtime:2.9.0] AndroidManifest.xml:85:25-74
235                <action android:name="android.intent.action.BATTERY_LOW" />
235-->[androidx.work:work-runtime:2.9.0] AndroidManifest.xml:86:17-76
235-->[androidx.work:work-runtime:2.9.0] AndroidManifest.xml:86:25-73
236            </intent-filter>
237        </receiver>
238        <receiver
238-->[androidx.work:work-runtime:2.9.0] AndroidManifest.xml:89:9-99:20
239            android:name="androidx.work.impl.background.systemalarm.ConstraintProxy$StorageNotLowProxy"
239-->[androidx.work:work-runtime:2.9.0] AndroidManifest.xml:90:13-104
240            android:directBootAware="false"
240-->[androidx.work:work-runtime:2.9.0] AndroidManifest.xml:91:13-44
241            android:enabled="false"
241-->[androidx.work:work-runtime:2.9.0] AndroidManifest.xml:92:13-36
242            android:exported="false" >
242-->[androidx.work:work-runtime:2.9.0] AndroidManifest.xml:93:13-37
243            <intent-filter>
243-->[androidx.work:work-runtime:2.9.0] AndroidManifest.xml:95:13-98:29
244                <action android:name="android.intent.action.DEVICE_STORAGE_LOW" />
244-->[androidx.work:work-runtime:2.9.0] AndroidManifest.xml:96:17-83
244-->[androidx.work:work-runtime:2.9.0] AndroidManifest.xml:96:25-80
245                <action android:name="android.intent.action.DEVICE_STORAGE_OK" />
245-->[androidx.work:work-runtime:2.9.0] AndroidManifest.xml:97:17-82
245-->[androidx.work:work-runtime:2.9.0] AndroidManifest.xml:97:25-79
246            </intent-filter>
247        </receiver>
248        <receiver
248-->[androidx.work:work-runtime:2.9.0] AndroidManifest.xml:100:9-109:20
249            android:name="androidx.work.impl.background.systemalarm.ConstraintProxy$NetworkStateProxy"
249-->[androidx.work:work-runtime:2.9.0] AndroidManifest.xml:101:13-103
250            android:directBootAware="false"
250-->[androidx.work:work-runtime:2.9.0] AndroidManifest.xml:102:13-44
251            android:enabled="false"
251-->[androidx.work:work-runtime:2.9.0] AndroidManifest.xml:103:13-36
252            android:exported="false" >
252-->[androidx.work:work-runtime:2.9.0] AndroidManifest.xml:104:13-37
253            <intent-filter>
253-->[androidx.work:work-runtime:2.9.0] AndroidManifest.xml:106:13-108:29
254                <action android:name="android.net.conn.CONNECTIVITY_CHANGE" />
254-->[androidx.work:work-runtime:2.9.0] AndroidManifest.xml:107:17-79
254-->[androidx.work:work-runtime:2.9.0] AndroidManifest.xml:107:25-76
255            </intent-filter>
256        </receiver>
257        <receiver
257-->[androidx.work:work-runtime:2.9.0] AndroidManifest.xml:110:9-121:20
258            android:name="androidx.work.impl.background.systemalarm.RescheduleReceiver"
258-->[androidx.work:work-runtime:2.9.0] AndroidManifest.xml:111:13-88
259            android:directBootAware="false"
259-->[androidx.work:work-runtime:2.9.0] AndroidManifest.xml:112:13-44
260            android:enabled="false"
260-->[androidx.work:work-runtime:2.9.0] AndroidManifest.xml:113:13-36
261            android:exported="false" >
261-->[androidx.work:work-runtime:2.9.0] AndroidManifest.xml:114:13-37
262            <intent-filter>
262-->[androidx.work:work-runtime:2.9.0] AndroidManifest.xml:116:13-120:29
263                <action android:name="android.intent.action.BOOT_COMPLETED" />
263-->src/main/AndroidManifest.xml:72:17-79
263-->src/main/AndroidManifest.xml:72:25-76
264                <action android:name="android.intent.action.TIME_SET" />
264-->[androidx.work:work-runtime:2.9.0] AndroidManifest.xml:118:17-73
264-->[androidx.work:work-runtime:2.9.0] AndroidManifest.xml:118:25-70
265                <action android:name="android.intent.action.TIMEZONE_CHANGED" />
265-->[androidx.work:work-runtime:2.9.0] AndroidManifest.xml:119:17-81
265-->[androidx.work:work-runtime:2.9.0] AndroidManifest.xml:119:25-78
266            </intent-filter>
267        </receiver>
268        <receiver
268-->[androidx.work:work-runtime:2.9.0] AndroidManifest.xml:122:9-131:20
269            android:name="androidx.work.impl.background.systemalarm.ConstraintProxyUpdateReceiver"
269-->[androidx.work:work-runtime:2.9.0] AndroidManifest.xml:123:13-99
270            android:directBootAware="false"
270-->[androidx.work:work-runtime:2.9.0] AndroidManifest.xml:124:13-44
271            android:enabled="@bool/enable_system_alarm_service_default"
271-->[androidx.work:work-runtime:2.9.0] AndroidManifest.xml:125:13-72
272            android:exported="false" >
272-->[androidx.work:work-runtime:2.9.0] AndroidManifest.xml:126:13-37
273            <intent-filter>
273-->[androidx.work:work-runtime:2.9.0] AndroidManifest.xml:128:13-130:29
274                <action android:name="androidx.work.impl.background.systemalarm.UpdateProxies" />
274-->[androidx.work:work-runtime:2.9.0] AndroidManifest.xml:129:17-98
274-->[androidx.work:work-runtime:2.9.0] AndroidManifest.xml:129:25-95
275            </intent-filter>
276        </receiver>
277        <receiver
277-->[androidx.work:work-runtime:2.9.0] AndroidManifest.xml:132:9-142:20
278            android:name="androidx.work.impl.diagnostics.DiagnosticsReceiver"
278-->[androidx.work:work-runtime:2.9.0] AndroidManifest.xml:133:13-78
279            android:directBootAware="false"
279-->[androidx.work:work-runtime:2.9.0] AndroidManifest.xml:134:13-44
280            android:enabled="true"
280-->[androidx.work:work-runtime:2.9.0] AndroidManifest.xml:135:13-35
281            android:exported="true"
281-->[androidx.work:work-runtime:2.9.0] AndroidManifest.xml:136:13-36